<?xml version="1.0" encoding="UTF-8"?>
<!-- Generated by org.testng.reporters.JUnitReportReporter -->
<testsuite name="org.one.TestngPriority" tests="3" time="25.167" ignored="1" failures="0" timestamp="12 May 2023 10:47:24 GMT" skipped="0" hostname="DESKTOP-662NI4B" errors="0">
  <testcase name="Instagram" time="9.253" classname="org.one.TestngPriority"/>
  <testcase name="Instagram" time="7.881" classname="org.one.TestngPriority"/>
  <testcase name="facebook" time="8.033" classname="org.one.TestngPriority"/>
  <testcase name="amazon" classname="org.one.TestngPriority">
    <skipped/>
  </testcase> <!-- amazon -->
</testsuite> <!-- org.one.TestngPriority -->
