<?xml version="1.0" encoding="UTF-8"?>
<!-- Generated by org.testng.reporters.JUnitReportReporter -->
<testsuite name="org.one.Expected_Exception" tests="1" time="0.018" ignored="0" failures="0" timestamp="27 Mar 2023 17:11:17 GMT" skipped="0" hostname="DESKTOP-662NI4B" errors="0">
  <testcase name="practice" time="0.018" classname="org.one.Expected_Exception"/>
</testsuite> <!-- org.one.Expected_Exception -->
