<?xml version="1.0" encoding="UTF-8"?>
<!-- Generated by org.testng.reporters.JUnitReportReporter -->
<testsuite name="org.one.ParalelwithPara" tests="2" time="22.506" ignored="0" failures="0" timestamp="12 May 2023 17:31:02 GMT" skipped="0" hostname="DESKTOP-662NI4B" errors="0">
  <testcase name="chrome" time="11.548" classname="org.one.ParalelwithPara"/>
  <testcase name="firefox" time="10.958" classname="org.one.ParalelwithPara"/>
</testsuite> <!-- org.one.ParalelwithPara -->
