<?xml version="1.0" encoding="UTF-8"?>
<!-- Generated by org.testng.reporters.JUnitReportReporter -->
<testsuite name="org.one.Dataprovidernew" tests="3" time="27.933" ignored="0" failures="0" timestamp="12 May 2023 18:12:04 GMT" skipped="0" hostname="DESKTOP-662NI4B" errors="0">
  <testcase name="facebook" time="9.018" classname="org.one.Dataprovidernew"/>
  <testcase name="facebook" time="6.395" classname="org.one.Dataprovidernew"/>
  <testcase name="facebook" time="12.520" classname="org.one.Dataprovidernew"/>
</testsuite> <!-- org.one.Dataprovidernew -->
