<?xml version="1.0" encoding="UTF-8"?>
<!-- Generated by org.testng.reporters.JUnitReportReporter -->
<testsuite name="org.one.Parameterised" tests="1" time="6.446" ignored="0" failures="0" timestamp="12 May 2023 10:52:49 GMT" skipped="0" hostname="DESKTOP-662NI4B" errors="0">
  <testcase name="facebook" time="6.446" classname="org.one.Parameterised"/>
</testsuite> <!-- org.one.Parameterised -->
