<?xml version="1.0" encoding="UTF-8"?>
<!-- Generated by org.testng.reporters.JUnitReportReporter -->
<testsuite name="org.one.AssertionTestNG" tests="1" time="0.023" ignored="0" failures="0" timestamp="27 Mar 2023 16:50:21 GMT" skipped="0" hostname="DESKTOP-662NI4B" errors="0">
  <testcase name="practce" time="0.023" classname="org.one.AssertionTestNG"/>
</testsuite> <!-- org.one.AssertionTestNG -->
