<?xml version="1.0" encoding="UTF-8"?>
<!-- Generated by org.testng.reporters.JUnitReportReporter -->
<testsuite name="org.one.Parameterised" tests="1" time="130.445" ignored="0" failures="0" timestamp="27 Mar 2023 16:42:28 GMT" skipped="0" hostname="DESKTOP-662NI4B" errors="0">
  <testcase name="facebook" time="130.445" classname="org.one.Parameterised"/>
</testsuite> <!-- org.one.Parameterised -->
