<?xml version="1.0" encoding="UTF-8"?>
<!-- Generated by org.testng.reporters.JUnitReportReporter -->
<testsuite name="org.one.CrossbrowserTesting" tests="2" time="29.663" ignored="0" failures="0" timestamp="14 May 2023 09:32:16 GMT" skipped="0" hostname="DESKTOP-662NI4B" errors="0">
  <testcase name="amazon" time="11.962" classname="org.one.CrossbrowserTesting"/>
  <testcase name="facebook" time="17.701" classname="org.one.CrossbrowserTesting"/>
</testsuite> <!-- org.one.CrossbrowserTesting -->
