<?xml version="1.0" encoding="UTF-8"?>
<!-- Generated by org.testng.reporters.JUnitReportReporter -->
<testsuite name="org.one.TestngPriority" tests="3" time="185.809" ignored="1" failures="0" timestamp="27 Mar 2023 16:12:16 GMT" skipped="0" hostname="DESKTOP-662NI4B" errors="0">
  <testcase name="Instagram" time="69.938" classname="org.one.TestngPriority"/>
  <testcase name="Instagram" time="39.594" classname="org.one.TestngPriority"/>
  <testcase name="facebook" time="76.277" classname="org.one.TestngPriority"/>
  <testcase name="amazon" classname="org.one.TestngPriority">
    <skipped/>
  </testcase> <!-- amazon -->
</testsuite> <!-- org.one.TestngPriority -->
