<?xml version="1.0" encoding="UTF-8"?>
<!-- Generated by org.testng.reporters.JUnitReportReporter -->
<testsuite name="org.one.Dataprovider_class" tests="3" time="32.954" ignored="0" failures="0" timestamp="28 Mar 2023 06:18:59 GMT" skipped="0" hostname="DESKTOP-662NI4B" errors="0">
  <testcase name="facebook" time="14.672" classname="org.one.Dataprovider_class"/>
  <testcase name="facebook" time="6.122" classname="org.one.Dataprovider_class"/>
  <testcase name="facebook" time="12.160" classname="org.one.Dataprovider_class"/>
</testsuite> <!-- org.one.Dataprovider_class -->
