<?xml version="1.0" encoding="UTF-8"?>
<!-- Generated by org.testng.reporters.JUnitReportReporter -->
<testsuite name="org.one.ParallelTesting" tests="2" time="25.691" ignored="0" failures="0" timestamp="14 May 2023 08:04:54 GMT" skipped="0" hostname="DESKTOP-662NI4B" errors="0">
  <testcase name="amazon" time="14.638" classname="org.one.ParallelTesting"/>
  <testcase name="facebook" time="11.053" classname="org.one.ParallelTesting"/>
</testsuite> <!-- org.one.ParallelTesting -->
