<?xml version="1.0" encoding="UTF-8"?>
<!-- Generated by org.testng.reporters.JUnitReportReporter -->
<testsuite name="org.one.Depends_on_method" tests="3" time="0.018" ignored="0" failures="0" timestamp="27 Mar 2023 17:37:48 GMT" skipped="0" hostname="DESKTOP-662NI4B" errors="0">
  <testcase name="prabhu" time="0.005" classname="org.one.Depends_on_method"/>
  <testcase name="rajaraman" time="0.013" classname="org.one.Depends_on_method"/>
  <testcase name="prem" time="0.000" classname="org.one.Depends_on_method"/>
</testsuite> <!-- org.one.Depends_on_method -->
